<?xml version="1.0" encoding="UTF-8"?>
<!-- Generated by org.testng.reporters.JUnitReportReporter -->
<testsuite skipped="0" hostname="DESKTOP-OJ618SO" name="Parallel.ParallelRun" tests="2" failures="0" timestamp="23 Feb 2021 11:25:33 GMT" time="64.299" errors="0">
  <testcase name="runScenario" time="37.879" classname="Parallel.ParallelRun"/>
  <testcase name="runScenario" time="26.420" classname="Parallel.ParallelRun"/>
</testsuite> <!-- Parallel.ParallelRun -->
